\BOOKMARK [0][-]{chapter.1}{\376\377\0001\000\040\000I\000n\000t\000r\000o\000d\000u\000c\000t\000i\000o\000n}{}% 1
\BOOKMARK [1][-]{section.1.1}{\376\377\0001\000.\0001\000\040\000G\000e\000n\000e\000r\000a\000l\000\040\000C\000o\000n\000t\000e\000x\000t}{chapter.1}% 2
\BOOKMARK [2][-]{subsection.1.1.1}{\376\377\0001\000.\0001\000.\0001\000\040\000S\036\361\000\040\000p\000h\000\341\000t\000\040\000t\000r\000i\036\303\000n\000\040\000c\036\347\000a\000\040\000M\000\364\000\040\000h\000\354\000n\000h\000\040\000N\000g\000\364\000n\000\040\000n\000g\036\357\000\040\000L\036\333\000n}{section.1.1}% 3
\BOOKMARK [2][-]{subsection.1.1.2}{\376\377\0001\000.\0001\000.\0002\000\040\000K\000h\000o\036\243\000n\000g\000\040\000c\000\341\000c\000h\000\040\000g\000i\036\357\000a\000\040\000N\000g\000h\000i\000\352\000n\000\040\000c\036\351\000u\000\040\000v\000\340\000\040\036\350\000n\000g\000\040\000d\036\345\000n\000g\000\040\000C\000\364\000n\000g\000\040\000n\000g\000h\000i\036\307\000p}{section.1.1}% 4
\BOOKMARK [2][-]{subsection.1.1.3}{\376\377\0001\000.\0001\000.\0003\000\040\0001\000.\0001\000.\0003\000.\000\040\001\020\036\331\000n\000g\000\040\000l\036\361\000c\000\040\000n\000g\000h\000i\000\352\000n\000\040\000c\036\351\000u}{section.1.1}% 5
\BOOKMARK [1][-]{section.1.2}{\376\377\0001\000.\0002\000\040\000I\000n\000t\000e\000r\000n\000s\000h\000i\000p\000\040\000E\000n\000v\000i\000r\000o\000n\000m\000e\000n\000t}{chapter.1}% 6
\BOOKMARK [1][-]{section.1.3}{\376\377\0001\000.\0003\000\040\000P\000r\000o\000b\000l\000e\000m\000\040\000S\000t\000a\000t\000e\000m\000e\000n\000t}{chapter.1}% 7
\BOOKMARK [1][-]{section.1.4}{\376\377\0001\000.\0004\000\040\0001\000.\0003\000.\000\040\000P\000h\000\341\000t\000\040\000b\000i\036\303\000u\000\040\000v\036\245\000n\000\040\001\021\036\301\000\040\000n\000g\000h\000i\000\352\000n\000\040\000c\036\351\000u\000\040\000\050\000P\000r\000o\000b\000l\000e\000m\000\040\000S\000t\000a\000t\000e\000m\000e\000n\000t\000\051}{chapter.1}% 8
\BOOKMARK [2][-]{subsection.1.4.1}{\376\377\0001\000.\0004\000.\0001\000\040\0001\000.\0003\000.\0001\000.\000\040\000C\000\341\000c\000\040\000c\000\342\000u\000\040\000h\036\317\000i\000\040\000n\000g\000h\000i\000\352\000n\000\040\000c\036\351\000u\000\040\000\050\000R\000e\000s\000e\000a\000r\000c\000h\000\040\000Q\000u\000e\000s\000t\000i\000o\000n\000s\000\051}{section.1.4}% 9
\BOOKMARK [2][-]{subsection.1.4.2}{\376\377\0001\000.\0004\000.\0002\000\040\0001\000.\0003\000.\0002\000.\000\040\000G\000i\036\243\000\040\000t\000h\000u\000y\036\277\000t\000\040\000n\000g\000h\000i\000\352\000n\000\040\000c\036\351\000u\000\040\000\050\000R\000e\000s\000e\000a\000r\000c\000h\000\040\000H\000y\000p\000o\000t\000h\000e\000s\000e\000s\000\051}{section.1.4}% 10
\BOOKMARK [1][-]{section.1.5}{\376\377\0001\000.\0005\000\040\000O\000b\000j\000e\000c\000t\000i\000v\000e\000s\000\040\000\046\000\040\000C\000o\000n\000t\000r\000i\000b\000u\000t\000i\000o\000n\000s}{chapter.1}% 11
\BOOKMARK [1][-]{section.1.6}{\376\377\0001\000.\0006\000\040\000T\000h\000e\000s\000i\000s\000\040\000S\000t\000r\000u\000c\000t\000u\000r\000e}{chapter.1}% 12
\BOOKMARK [0][-]{chapter.2}{\376\377\0002\000\040\000C\001\241\000\040\000s\036\337\000\040\000l\000\375\000\040\000t\000h\000u\000y\036\277\000t}{}% 13
\BOOKMARK [1][-]{section.2.1}{\376\377\0002\000.\0001\000\040\000N\036\301\000n\000\040\000t\036\243\000n\000g\000\040\000M\000\364\000\040\000h\000\354\000n\000h\000\040\000N\000g\000\364\000n\000\040\000n\000g\036\357\000\040\000L\036\333\000n}{chapter.2}% 14
\BOOKMARK [2][-]{subsection.2.1.1}{\376\377\0002\000.\0001\000.\0001\000\040\000K\000i\036\277\000n\000\040\000t\000r\000\372\000c\000\040\000T\000r\000a\000n\000s\000f\000o\000r\000m\000e\000r\000\040\000v\000\340\000\040\000C\001\241\000\040\000c\000h\036\277\000\040\000S\000e\000l\000f\000-\000A\000t\000t\000e\000n\000t\000i\000o\000n}{section.2.1}% 15
\BOOKMARK [2][-]{subsection.2.1.2}{\376\377\0002\000.\0001\000.\0002\000\040\000Q\000u\000\341\000\040\000t\000r\000\354\000n\000h\000\040\000H\000u\036\245\000n\000\040\000l\000u\000y\036\307\000n\000\040\000L\000L\000M}{section.2.1}% 16
\BOOKMARK [2][-]{subsection.2.1.3}{\376\377\0002\000.\0001\000.\0003\000\040\000C\000\341\000c\000\040\000H\036\241\000n\000\040\000c\000h\036\277\000\040\000C\001\241\000\040\000b\036\243\000n\000\040\000c\036\347\000a\000\040\000L\000L\000M\000s\000\040\000t\000r\000o\000n\000g\000\040\000M\000i\036\301\000n\000\040\001\020\036\267\000c\000\040\000t\000h\000\371}{section.2.1}% 17
\BOOKMARK [1][-]{section.2.2}{\376\377\0002\000.\0002\000\040\000R\000e\000t\000r\000i\000e\000v\000a\000l\000-\000A\000u\000g\000m\000e\000n\000t\000e\000d\000\040\000G\000e\000n\000e\000r\000a\000t\000i\000o\000n\000\040\000\050\000R\000A\000G\000\051}{chapter.2}% 18
\BOOKMARK [2][-]{subsection.2.2.1}{\376\377\0002\000.\0002\000.\0001\000\040\001\020\036\331\000n\000g\000\040\000l\036\361\000c\000\040\000v\000\340\000\040\000T\036\325\000n\000g\000\040\000q\000u\000a\000n}{section.2.2}% 19
\BOOKMARK [2][-]{subsection.2.2.2}{\376\377\0002\000.\0002\000.\0002\000\040\000D\000e\000n\000s\000e\000\040\000R\000e\000t\000r\000i\000e\000v\000a\000l\000\040\000v\000\340\000\040\000E\000m\000b\000e\000d\000d\000i\000n\000g\000\040\000V\000e\000c\000t\000o\000r\000s}{section.2.2}% 20
\BOOKMARK [2][-]{subsection.2.2.3}{\376\377\0002\000.\0002\000.\0003\000\040\0002\000.\0002\000.\0003\000.\000\040\000S\000p\000a\000r\000s\000e\000\040\000R\000e\000t\000r\000i\000e\000v\000a\000l\000\040\000v\036\333\000i\000\040\000B\000M\0002\0005}{section.2.2}% 21
\BOOKMARK [2][-]{subsection.2.2.4}{\376\377\0002\000.\0002\000.\0004\000\040\0002\000.\0002\000.\0004\000.\000\040\000H\000y\000b\000r\000i\000d\000\040\000S\000e\000a\000r\000c\000h\000:\000\040\000K\036\277\000t\000\040\000h\036\343\000p\000\040\000D\000e\000n\000s\000e\000\040\000v\000\340\000\040\000S\000p\000a\000r\000s\000e}{section.2.2}% 22
\BOOKMARK [2][-]{subsection.2.2.5}{\376\377\0002\000.\0002\000.\0005\000\040\000L\036\255\000p\000\040\000c\000h\036\311\000\040\000m\036\345\000c\000\040\000h\000i\036\307\000u\000\040\000q\000u\036\243\000\040\000v\036\333\000i\000\040\000H\000N\000S\000W}{section.2.2}% 23
\BOOKMARK [2][-]{subsection.2.2.6}{\376\377\0002\000.\0002\000.\0006\000\040\000C\000r\000o\000s\000s\000-\000E\000n\000c\000o\000d\000e\000r\000\040\000R\000e\000r\000a\000n\000k\000i\000n\000g}{section.2.2}% 24
\BOOKMARK [2][-]{subsection.2.2.7}{\376\377\0002\000.\0002\000.\0007\000\040\0002\000.\0002\000.\0007\000.\000\040\000T\000h\000\341\000c\000h\000\040\000t\000h\036\351\000c\000\040\000v\036\333\000i\000\040\000D\036\357\000\040\000l\000i\036\307\000u\000\040\001\020\000a\000\040\000p\000h\001\260\001\241\000n\000g\000\040\000t\000h\036\351\000c}{section.2.2}% 25
\BOOKMARK [1][-]{section.2.3}{\376\377\0002\000.\0003\000\040\0002\000.\0003\000.\000\040\000T\036\321\000i\000\040\001\260\000u\000\040\000h\000\363\000a\000\040\000v\000\340\000\040\000T\000h\000\355\000c\000h\000\040\036\351\000n\000g\000\040\000M\000\364\000\040\000h\000\354\000n\000h\000\040\000\050\000M\000o\000d\000e\000l\000\040\000O\000p\000t\000i\000m\000i\000z\000a\000t\000i\000o\000n\000\040\000a\000n\000d\000\040\000A\000d\000a\000p\000t\000a\000t\000i\000o\000n\000\051}{chapter.2}% 26
\BOOKMARK [2][-]{subsection.2.3.1}{\376\377\0002\000.\0003\000.\0001\000\040\0002\000.\0003\000.\0001\000.\000\040\000S\000u\000p\000e\000r\000v\000i\000s\000e\000d\000\040\000F\000i\000n\000e\000-\000T\000u\000n\000i\000n\000g\000\040\000\050\000S\000F\000T\000\051}{section.2.3}% 27
\BOOKMARK [2][-]{subsection.2.3.2}{\376\377\0002\000.\0003\000.\0002\000\040\0002\000.\0003\000.\0002\000.\000\040\000L\000o\000w\000-\000R\000a\000n\000k\000\040\000A\000d\000a\000p\000t\000a\000t\000i\000o\000n\000\040\000\050\000L\000o\000R\000A\000\051}{section.2.3}% 28
\BOOKMARK [2][-]{subsection.2.3.3}{\376\377\0002\000.\0003\000.\0003\000\040\0002\000.\0003\000.\0003\000.\000\040\000Q\000u\000a\000n\000t\000i\000z\000a\000t\000i\000o\000n\000\040\000v\000\340\000\040\000Q\000L\000o\000R\000A}{section.2.3}% 29
\BOOKMARK [2][-]{subsection.2.3.4}{\376\377\0002\000.\0003\000.\0004\000\040\0002\000.\0003\000.\0004\000.\000\040\000K\000n\000o\000w\000l\000e\000d\000g\000e\000\040\000D\000i\000s\000t\000i\000l\000l\000a\000t\000i\000o\000n\000\040\000v\000\340\000\040\000S\000y\000n\000t\000h\000e\000t\000i\000c\000\040\000D\000a\000t\000a\000\040\000G\000e\000n\000e\000r\000a\000t\000i\000o\000n}{section.2.3}% 30
\BOOKMARK [1][-]{section.2.4}{\376\377\0002\000.\0004\000\040\0002\000.\0004\000.\000\040\000P\000h\001\260\001\241\000n\000g\000\040\000p\000h\000\341\000p\000\040\001\020\000\341\000n\000h\000\040\000g\000i\000\341\000\040\000\050\000E\000v\000a\000l\000u\000a\000t\000i\000o\000n\000\040\000M\000e\000t\000h\000o\000d\000o\000l\000o\000g\000y\000\051}{chapter.2}% 31
\BOOKMARK [2][-]{subsection.2.4.1}{\376\377\0002\000.\0004\000.\0001\000\040\0002\000.\0004\000.\0001\000.\000\040\000R\000A\000G\000A\000S\000\040\000F\000r\000a\000m\000e\000w\000o\000r\000k}{section.2.4}% 32
\BOOKMARK [2][-]{subsection.2.4.2}{\376\377\0002\000.\0004\000.\0002\000\040\0002\000.\0004\000.\0002\000.\000\040\000P\000e\000r\000p\000l\000e\000x\000i\000t\000y}{section.2.4}% 33
\BOOKMARK [2][-]{subsection.2.4.3}{\376\377\0002\000.\0004\000.\0003\000\040\0002\000.\0004\000.\0003\000.\000\040\000L\000L\000M\000-\000a\000s\000-\000a\000-\000J\000u\000d\000g\000e}{section.2.4}% 34
\BOOKMARK [1][-]{section.2.5}{\376\377\0002\000.\0005\000\040\0002\000.\0005\000.\000\040\000T\036\325\000n\000g\000\040\000k\036\277\000t\000\040\000C\000h\001\260\001\241\000n\000g}{chapter.2}% 35
\BOOKMARK [0][-]{chapter.3}{\376\377\0003\000\040\000M\000u\000l\000t\000i\000m\000o\000d\000a\000l\000\040\000R\000A\000G\000\040\000f\000o\000r\000\040\000C\000o\000m\000p\000l\000e\000x\000\040\000D\000o\000c\000u\000m\000e\000n\000t\000\040\000U\000n\000d\000e\000r\000s\000t\000a\000n\000d\000i\000n\000g}{}% 36
\BOOKMARK [1][-]{section.3.1}{\376\377\0003\000.\0001\000\040\000T\036\241\000i\000\040\000s\000a\000o\000\040\000R\000A\000G\000\040\000C\001\241\000\040\000b\036\243\000n\000\040\000K\000h\000\364\000n\000g\000\040\001\020\036\347\000?\000\040\000P\000h\000\342\000n\000\040\000t\000\355\000c\000h\000\040\000V\036\245\000n\000\040\001\021\036\301}{chapter.3}% 37
\BOOKMARK [2][-]{subsection.3.1.1}{\376\377\0003\000.\0001\000.\0001\000\040\000T\000h\036\355\000\040\000n\000g\000h\000i\036\307\000m\000\040\000v\036\333\000i\000\040\000R\000A\000G\000\040\000C\001\241\000\040\000b\036\243\000n\000:\000\040\000V\036\245\000n\000\040\001\021\036\301\000\040\000G\036\267\000p\000\040\000p\000h\036\243\000i}{section.3.1}% 38
\BOOKMARK [2][-]{subsection.3.1.2}{\376\377\0003\000.\0001\000.\0002\000\040\001\020\036\313\000n\000h\000\040\000n\000g\000h\001\051\000a\000\040\000B\000\340\000i\000\040\000t\000o\000\341\000n\000\040\000N\000g\000h\000i\000\352\000n\000\040\000c\036\351\000u}{section.3.1}% 39
\BOOKMARK [1][-]{section.3.2}{\376\377\0003\000.\0002\000\040\000K\000i\036\277\000n\000\040\000t\000r\000\372\000c\000\040\000T\036\325\000n\000g\000\040\000q\000u\000a\000n\000\040\000c\036\347\000a\000\040\000P\000i\000p\000e\000l\000i\000n\000e\000\040\000R\000A\000G\000\040\000N\000\342\000n\000g\000\040\000c\000a\000o}{chapter.3}% 40
\BOOKMARK [2][-]{subsection.3.2.1}{\376\377\0003\000.\0002\000.\0001\000\040\000T\000h\000i\036\277\000t\000\040\000k\036\277\000\040\000K\000i\036\277\000n\000\040\000t\000r\000\372\000c}{section.3.2}% 41
\BOOKMARK [2][-]{subsection.3.2.2}{\376\377\0003\000.\0002\000.\0002\000\040\000L\000\375\000\040\000d\000o\000\040\000C\000h\036\315\000n\000\040\000K\000i\036\277\000n\000\040\000t\000r\000\372\000c\000\040\000N\000\340\000y}{section.3.2}% 42
\BOOKMARK [1][-]{section.3.3}{\376\377\0003\000.\0003\000\040\000D\000o\000c\000u\000m\000e\000n\000t\000\040\000P\000a\000r\000s\000i\000n\000g\000:\000\040\000T\000r\000\355\000c\000h\000\040\000x\000u\036\245\000t\000\040\000T\000h\000\364\000n\000g\000\040\000t\000i\000n\000\040\001\020\000a\000\040\000p\000h\001\260\001\241\000n\000g\000\040\000t\000h\036\351\000c}{chapter.3}% 43
\BOOKMARK [2][-]{subsection.3.3.1}{\376\377\0003\000.\0003\000.\0001\000\040\000L\036\361\000a\000\040\000c\000h\036\315\000n\000\040\000C\000\364\000n\000g\000\040\000c\036\345\000:\000\040\000T\036\241\000i\000\040\000s\000a\000o\000\040\000U\000n\000s\000t\000r\000u\000c\000t\000u\000r\000e\000d\000I\000O\000?}{section.3.3}% 44
\BOOKMARK [2][-]{subsection.3.3.2}{\376\377\0003\000.\0003\000.\0002\000\040\000C\036\245\000u\000\040\000h\000\354\000n\000h\000\040\000P\000a\000r\000s\000i\000n\000g\000\040\000c\000h\000o\000\040\000T\000\340\000i\000\040\000l\000i\036\307\000u\000\040\000P\000h\036\351\000c\000\040\000t\036\241\000p}{section.3.3}% 45
\BOOKMARK [2][-]{subsection.3.3.3}{\376\377\0003\000.\0003\000.\0003\000\040\000X\036\355\000\040\000l\000\375\000\040\000T\036\353\000n\000g\000\040\000L\000o\036\241\000i\000\040\000C\000o\000n\000t\000e\000n\000t}{section.3.3}% 46
\BOOKMARK [1][-]{section.3.4}{\376\377\0003\000.\0004\000\040\000S\000u\000m\000m\000a\000r\000i\000z\000a\000t\000i\000o\000n\000:\000\040\000T\036\241\000o\000\040\000C\036\247\000u\000\040\000n\036\321\000i\000\040\000N\000g\036\357\000\040\000n\000g\000h\001\051\000a}{chapter.3}% 47
\BOOKMARK [2][-]{subsection.3.4.1}{\376\377\0003\000.\0004\000.\0001\000\040\000T\036\241\000i\000\040\000s\000a\000o\000\040\000C\036\247\000n\000\040\000S\000u\000m\000m\000a\000r\000i\000z\000a\000t\000i\000o\000n\000?}{section.3.4}% 48
\BOOKMARK [2][-]{subsection.3.4.2}{\376\377\0003\000.\0004\000.\0002\000\040\000C\000h\000i\036\277\000n\000\040\000l\001\260\036\343\000c\000\040\000S\000u\000m\000m\000a\000r\000i\000z\000a\000t\000i\000o\000n}{section.3.4}% 49
\BOOKMARK [2][-]{subsection.3.4.3}{\376\377\0003\000.\0004\000.\0003\000\040\000C\000h\000i\036\277\000n\000\040\000l\001\260\036\343\000c\000\040\000P\000a\000r\000e\000n\000t\000-\000C\000h\000i\000l\000d\000\040\000I\000n\000d\000e\000x\000i\000n\000g}{section.3.4}% 50
\BOOKMARK [1][-]{section.3.5}{\376\377\0003\000.\0005\000\040\000E\000m\000b\000e\000d\000d\000i\000n\000g\000\040\000M\000o\000d\000e\000l\000:\000\040\000L\036\361\000a\000\040\000c\000h\036\315\000n\000\040\000v\000\340\000\040\000L\000\375\000\040\000d\000o}{chapter.3}% 51
\BOOKMARK [2][-]{subsection.3.5.1}{\376\377\0003\000.\0005\000.\0001\000\040\001\020\000\341\000n\000h\000\040\000g\000i\000\341\000\040\000C\000\341\000c\000\040\000L\036\361\000a\000\040\000c\000h\036\315\000n}{section.3.5}% 52
\BOOKMARK [2][-]{subsection.3.5.2}{\376\377\0003\000.\0005\000.\0002\000\040\000L\036\361\000a\000\040\000c\000h\036\315\000n\000\040\000v\000\340\000\040\000J\000u\000s\000t\000i\000f\000i\000c\000a\000t\000i\000o\000n}{section.3.5}% 53
\BOOKMARK [1][-]{section.3.6}{\376\377\0003\000.\0006\000\040\000H\000y\000b\000r\000i\000d\000\040\000S\000e\000a\000r\000c\000h\000\040\000v\000\340\000\040\000R\000e\000r\000a\000n\000k\000i\000n\000g\000:\000\040\000K\036\277\000t\000\040\000h\036\343\000p\000\040\000S\000e\000m\000a\000n\000t\000i\000c\000\040\000v\000\340\000\040\000K\000e\000y\000w\000o\000r\000d}{chapter.3}% 54
\BOOKMARK [2][-]{subsection.3.6.1}{\376\377\0003\000.\0006\000.\0001\000\040\000V\036\245\000n\000\040\001\021\036\301\000\040\000c\036\347\000a\000\040\000D\000e\000n\000s\000e\000\040\000S\000e\000a\000r\000c\000h\000\040\000T\000h\000u\036\247\000n\000\040\000t\000\372\000y}{section.3.6}% 55
\BOOKMARK [2][-]{subsection.3.6.2}{\376\377\0003\000.\0006\000.\0002\000\040\000G\000i\036\243\000i\000\040\000p\000h\000\341\000p\000:\000\040\000H\000y\000b\000r\000i\000d\000\040\000S\000e\000a\000r\000c\000h}{section.3.6}% 56
\BOOKMARK [2][-]{subsection.3.6.3}{\376\377\0003\000.\0006\000.\0003\000\040\000C\000r\000o\000s\000s\000-\000E\000n\000c\000o\000d\000e\000r\000\040\000R\000e\000r\000a\000n\000k\000i\000n\000g\000:\000\040\000G\000i\036\243\000i\000\040\000q\000u\000y\036\277\000t\000\040\000`\000`\000L\000o\000s\000t\000\040\000i\000n\000\040\000t\000h\000e\000\040\000M\000i\000d\000d\000l\000e\000'\000'}{section.3.6}% 57
\BOOKMARK [2][-]{subsection.3.6.4}{\376\377\0003\000.\0006\000.\0004\000\040\000T\000\341\000c\000\040\001\021\036\331\000n\000g\000\040\000c\036\347\000a\000\040\000R\000e\000r\000a\000n\000k\000i\000n\000g}{section.3.6}% 58
\BOOKMARK [1][-]{section.3.7}{\376\377\0003\000.\0007\000\040\000U\000s\000e\000-\000C\000a\000s\000e\000\040\0001\000:\000\040\000H\036\307\000\040\000t\000h\036\321\000n\000g\000\040\000H\036\317\000i\000\040\001\021\000\341\000p\000\040\000T\000\340\000i\000\040\000l\000i\036\307\000u\000\040\000T\000\340\000i\000\040\000c\000h\000\355\000n\000h\000\040\000\050\000G\000P\000M\000\051}{chapter.3}% 59
\BOOKMARK [2][-]{subsection.3.7.1}{\376\377\0003\000.\0007\000.\0001\000\040\000M\000\364\000\040\000t\036\243\000\040\000B\000\340\000i\000\040\000t\000o\000\341\000n}{section.3.7}% 60
\BOOKMARK [2][-]{subsection.3.7.2}{\376\377\0003\000.\0007\000.\0002\000\040\000T\000r\000i\036\303\000n\000\040\000k\000h\000a\000i\000\040\000P\000i\000p\000e\000l\000i\000n\000e\000\040\000c\000h\000o\000\040\000G\000P\000M}{section.3.7}% 61
\BOOKMARK [2][-]{subsection.3.7.3}{\376\377\0003\000.\0007\000.\0003\000\040\000V\000\355\000\040\000d\036\345\000\040\000M\000i\000n\000h\000\040\000h\036\315\000a}{section.3.7}% 62
\BOOKMARK [1][-]{section.3.8}{\376\377\0003\000.\0008\000\040\000U\000s\000e\000-\000C\000a\000s\000e\000\040\0002\000:\000\040\000H\036\307\000\040\000t\000h\036\321\000n\000g\000\040\000T\000r\000a\000\040\000c\036\351\000u\000\040\000M\000\343\000\040\000Y\000\040\000t\036\277\000\040\000\050\000D\000r\000.\000\040\000B\000e\000s\000n\000i\000e\000r\000\040\000/\000\040\000C\000C\000A\000M\000\051}{chapter.3}% 63
\BOOKMARK [2][-]{subsection.3.8.1}{\376\377\0003\000.\0008\000.\0001\000\040\000M\000\364\000\040\000t\036\243\000\040\000B\000\340\000i\000\040\000t\000o\000\341\000n}{section.3.8}% 64
\BOOKMARK [2][-]{subsection.3.8.2}{\376\377\0003\000.\0008\000.\0002\000\040\000T\000h\000\341\000c\000h\000\040\000t\000h\036\351\000c\000\040\001\020\036\267\000c\000\040\000t\000h\000\371}{section.3.8}% 65
\BOOKMARK [2][-]{subsection.3.8.3}{\376\377\0003\000.\0008\000.\0003\000\040\000T\000r\000i\036\303\000n\000\040\000k\000h\000a\000i\000\040\000P\000i\000p\000e\000l\000i\000n\000e\000\040\000c\000h\000o\000\040\000C\000C\000A\000M}{section.3.8}% 66
\BOOKMARK [2][-]{subsection.3.8.4}{\376\377\0003\000.\0008\000.\0004\000\040\000V\000\355\000\040\000d\036\345\000\040\000M\000i\000n\000h\000\040\000h\036\315\000a}{section.3.8}% 67
\BOOKMARK [1][-]{section.3.9}{\376\377\0003\000.\0009\000\040\001\020\000\341\000n\000h\000\040\000g\000i\000\341\000\040\000T\000h\036\361\000c\000\040\000n\000g\000h\000i\036\307\000m\000\040\000v\000\340\000\040\000K\036\277\000t\000\040\000q\000u\036\243}{chapter.3}% 68
\BOOKMARK [2][-]{subsection.3.9.1}{\376\377\0003\000.\0009\000.\0001\000\040\000P\000h\001\260\001\241\000n\000g\000\040\000p\000h\000\341\000p\000\040\001\020\000\341\000n\000h\000\040\000g\000i\000\341}{section.3.9}% 69
\BOOKMARK [2][-]{subsection.3.9.2}{\376\377\0003\000.\0009\000.\0002\000\040\000D\000a\000t\000a\000s\000e\000t\000\040\001\020\000\341\000n\000h\000\040\000g\000i\000\341}{section.3.9}% 70
\BOOKMARK [2][-]{subsection.3.9.3}{\376\377\0003\000.\0009\000.\0003\000\040\000K\036\277\000t\000\040\000q\000u\036\243\000\040\000S\000o\000\040\000s\000\341\000n\000h\000\040\000S\000i\000m\000p\000l\000e\000\040\000R\000A\000G\000\040\000v\000s\000\040\000A\000d\000v\000a\000n\000c\000e\000d\000\040\000R\000A\000G}{section.3.9}% 71
\BOOKMARK [2][-]{subsection.3.9.4}{\376\377\0003\000.\0009\000.\0004\000\040\000P\000h\000\342\000n\000\040\000t\000\355\000c\000h\000\040\000C\000h\000i\000\040\000t\000i\036\277\000t\000\040\000v\036\333\000i\000\040\000R\000A\000G\000A\000S\000\040\000M\000e\000t\000r\000i\000c\000s}{section.3.9}% 72
\BOOKMARK [2][-]{subsection.3.9.5}{\376\377\0003\000.\0009\000.\0005\000\040\000P\000h\000\342\000n\000\040\000t\000\355\000c\000h\000\040\000N\000g\000u\000y\000\352\000n\000\040\000n\000h\000\342\000n\000\040\000C\036\243\000i\000\040\000t\000h\000i\036\307\000n}{section.3.9}% 73
\BOOKMARK [2][-]{subsection.3.9.6}{\376\377\0003\000.\0009\000.\0006\000\040\000G\000i\000\341\000m\000\040\000s\000\341\000t\000\040\000v\000\340\000\040\000Q\000u\000a\000n\000\040\000s\000\341\000t\000\040\000\050\000O\000b\000s\000e\000r\000v\000a\000b\000i\000l\000i\000t\000y\000\051}{section.3.9}% 74
\BOOKMARK [1][-]{section.3.10}{\376\377\0003\000.\0001\0000\000\040\000T\000h\036\243\000o\000\040\000l\000u\036\255\000n\000\040\000v\000\340\000\040\000H\036\241\000n\000\040\000c\000h\036\277}{chapter.3}% 75
\BOOKMARK [2][-]{subsection.3.10.1}{\376\377\0003\000.\0001\0000\000.\0001\000\040\000T\000h\036\243\000o\000\040\000l\000u\036\255\000n\000\040\000v\036\301\000\040\000K\036\277\000t\000\040\000q\000u\036\243}{section.3.10}% 76
\BOOKMARK [2][-]{subsection.3.10.2}{\376\377\0003\000.\0001\0000\000.\0002\000\040\000H\036\241\000n\000\040\000c\000h\036\277\000\040\000c\036\347\000a\000\040\000N\000g\000h\000i\000\352\000n\000\040\000c\036\351\000u}{section.3.10}% 77
\BOOKMARK [2][-]{subsection.3.10.3}{\376\377\0003\000.\0001\0000\000.\0003\000\040\000H\001\260\036\333\000n\000g\000\040\000P\000h\000\341\000t\000\040\000t\000r\000i\036\303\000n}{section.3.10}% 78
\BOOKMARK [1][-]{section.3.11}{\376\377\0003\000.\0001\0001\000\040\000K\036\277\000t\000\040\000l\000u\036\255\000n\000\040\000C\000h\001\260\001\241\000n\000g}{chapter.3}% 79
\BOOKMARK [0][-]{chapter.4}{\376\377\0004\000\040\000F\000i\000n\000e\000-\000t\000u\000n\000i\000n\000g\000\040\000M\000\364\000\040\000h\000\354\000n\000h\000\040\000N\000g\000\364\000n\000\040\000n\000g\036\357\000\040\000N\000h\036\317\000\040\000c\000h\000o\000\040\000T\000\341\000c\000\040\000v\036\345\000\040\001\020\036\267\000c\000\040\000t\000h\000\371\000:\000\040\000T\000r\001\260\036\335\000n\000g\000\040\000h\036\343\000p\000\040\000T\000a\000r\000o\000t\000\040\000R\000e\000a\000d\000e\000r}{}% 80
\BOOKMARK [1][-]{section.4.1}{\376\377\0004\000.\0001\000\040\000P\000h\000\342\000n\000\040\000t\000\355\000c\000h\000\040\000B\000\340\000i\000\040\000t\000o\000\341\000n}{chapter.4}% 81
\BOOKMARK [2][-]{subsection.4.1.1}{\376\377\0004\000.\0001\000.\0001\000\040\000G\000i\036\333\000i\000\040\000h\036\241\000n\000\040\000c\036\347\000a\000\040\000P\000r\000o\000m\000p\000t\000\040\000E\000n\000g\000i\000n\000e\000e\000r\000i\000n\000g\000\040\000c\000h\000o\000\040\000B\000e\000h\000a\000v\000i\000o\000r\000a\000l\000\040\000T\000a\000s\000k\000s}{section.4.1}% 82
\BOOKMARK [2][-]{subsection.4.1.2}{\376\377\0004\000.\0001\000.\0002\000\040\001\020\036\267\000c\000\040\000t\000h\000\371\000\040\000c\036\347\000a\000\040\000T\000\341\000c\000\040\000v\036\345\000\040\000T\000a\000r\000o\000t\000\040\000R\000e\000a\000d\000e\000r}{section.4.1}% 83
\BOOKMARK [2][-]{subsection.4.1.3}{\376\377\0004\000.\0001\000.\0003\000\040\000C\000\342\000u\000\040\000h\036\317\000i\000\040\000N\000g\000h\000i\000\352\000n\000\040\000c\036\351\000u}{section.4.1}% 84
\BOOKMARK [1][-]{section.4.2}{\376\377\0004\000.\0002\000\040\000P\000h\001\260\001\241\000n\000g\000\040\000p\000h\000\341\000p\000:\000\040\000D\000a\000t\000a\000-\000C\000e\000n\000t\000r\000i\000c\000\040\000F\000i\000n\000e\000-\000t\000u\000n\000i\000n\000g\000\040\000P\000i\000p\000e\000l\000i\000n\000e}{chapter.4}% 85
\BOOKMARK [2][-]{subsection.4.2.1}{\376\377\0004\000.\0002\000.\0001\000\040\000G\000i\000a\000i\000\040\001\021\000o\036\241\000n\000\040\0001\000:\000\040\000S\000y\000n\000t\000h\000e\000t\000i\000c\000\040\000D\000a\000t\000a\000\040\000G\000e\000n\000e\000r\000a\000t\000i\000o\000n}{section.4.2}% 86
\BOOKMARK [2][-]{subsection.4.2.2}{\376\377\0004\000.\0002\000.\0002\000\040\000G\000i\000a\000i\000\040\001\021\000o\036\241\000n\000\040\0002\000:\000\040\000S\000u\000p\000e\000r\000v\000i\000s\000e\000d\000\040\000F\000i\000n\000e\000-\000T\000u\000n\000i\000n\000g}{section.4.2}% 87
\BOOKMARK [2][-]{subsection.4.2.3}{\376\377\0004\000.\0002\000.\0003\000\040\000G\000i\000a\000i\000\040\001\021\000o\036\241\000n\000\040\0003\000:\000\040\001\020\000\341\000n\000h\000\040\000g\000i\000\341\000\040\001\020\000a\000\040\000c\000h\000i\036\301\000u}{section.4.2}% 88
\BOOKMARK [1][-]{section.4.3}{\376\377\0004\000.\0003\000\040\000K\036\277\000t\000\040\000q\000u\036\243\000\040\000T\000h\036\361\000c\000\040\000n\000g\000h\000i\036\307\000m}{chapter.4}% 89
\BOOKMARK [2][-]{subsection.4.3.1}{\376\377\0004\000.\0003\000.\0001\000\040\000T\000r\000a\000i\000n\000i\000n\000g\000\040\000D\000y\000n\000a\000m\000i\000c\000s}{section.4.3}% 90
\BOOKMARK [2][-]{subsection.4.3.2}{\376\377\0004\000.\0003\000.\0002\000\040\000K\036\277\000t\000\040\000q\000u\036\243\000\040\000L\000L\000M\000-\000a\000s\000-\000a\000-\000J\000u\000d\000g\000e}{section.4.3}% 91
\BOOKMARK [2][-]{subsection.4.3.3}{\376\377\0004\000.\0003\000.\0003\000\040\000K\036\277\000t\000\040\000q\000u\036\243\000\040\000H\000u\000m\000a\000n\000\040\000E\000v\000a\000l\000u\000a\000t\000i\000o\000n}{section.4.3}% 92
\BOOKMARK [2][-]{subsection.4.3.4}{\376\377\0004\000.\0003\000.\0004\000\040\000P\000h\000\342\000n\000\040\000t\000\355\000c\000h\000\040\001\020\036\313\000n\000h\000\040\000t\000\355\000n\000h}{section.4.3}% 93
\BOOKMARK [2][-]{subsection.4.3.5}{\376\377\0004\000.\0003\000.\0005\000\040\000A\000b\000l\000a\000t\000i\000o\000n\000\040\000S\000t\000u\000d\000y}{section.4.3}% 94
\BOOKMARK [1][-]{section.4.4}{\376\377\0004\000.\0004\000\040\000D\000e\000m\000o\000\040\000A\000p\000p\000l\000i\000c\000a\000t\000i\000o\000n}{chapter.4}% 95
\BOOKMARK [1][-]{section.4.5}{\376\377\0004\000.\0005\000\040\000T\000h\036\243\000o\000\040\000l\000u\036\255\000n}{chapter.4}% 96
\BOOKMARK [2][-]{subsection.4.5.1}{\376\377\0004\000.\0005\000.\0001\000\040\000T\000r\036\243\000\040\000l\036\335\000i\000\040\000C\000\342\000u\000\040\000h\036\317\000i\000\040\000N\000g\000h\000i\000\352\000n\000\040\000c\036\351\000u}{section.4.5}% 97
\BOOKMARK [2][-]{subsection.4.5.2}{\376\377\0004\000.\0005\000.\0002\000\040\000S\000o\000\040\000s\000\341\000n\000h\000\040\000v\036\333\000i\000\040\000R\000e\000l\000a\000t\000e\000d\000\040\000W\000o\000r\000k}{section.4.5}% 98
\BOOKMARK [2][-]{subsection.4.5.3}{\376\377\0004\000.\0005\000.\0003\000\040\000H\036\241\000n\000\040\000c\000h\036\277}{section.4.5}% 99
\BOOKMARK [2][-]{subsection.4.5.4}{\376\377\0004\000.\0005\000.\0004\000\040\000H\001\260\036\333\000n\000g\000\040\000P\000h\000\341\000t\000\040\000t\000r\000i\036\303\000n}{section.4.5}% 100
\BOOKMARK [1][-]{section.4.6}{\376\377\0004\000.\0006\000\040\000K\036\277\000t\000\040\000l\000u\036\255\000n\000\040\000C\000h\001\260\001\241\000n\000g}{chapter.4}% 101
