\BOOKMARK [0][-]{chapter.1}{\376\377\0001\000\040\000I\000n\000t\000r\000o\000d\000u\000c\000t\000i\000o\000n}{}% 1
\BOOKMARK [1][-]{section.1.1}{\376\377\0001\000.\0001\000\040\000G\000e\000n\000e\000r\000a\000l\000\040\000C\000o\000n\000t\000e\000x\000t}{chapter.1}% 2
\BOOKMARK [2][-]{subsection.1.1.1}{\376\377\0001\000.\0001\000.\0001\000\040\000S\036\361\000\040\000p\000h\000\341\000t\000\040\000t\000r\000i\036\303\000n\000\040\000c\036\347\000a\000\040\000M\000\364\000\040\000h\000\354\000n\000h\000\040\000N\000g\000\364\000n\000\040\000n\000g\036\357\000\040\000L\036\333\000n}{section.1.1}% 3
\BOOKMARK [2][-]{subsection.1.1.2}{\376\377\0001\000.\0001\000.\0002\000\040\000K\000h\000o\036\243\000n\000g\000\040\000c\000\341\000c\000h\000\040\000g\000i\036\357\000a\000\040\000N\000g\000h\000i\000\352\000n\000\040\000c\036\351\000u\000\040\000v\000\340\000\040\036\350\000n\000g\000\040\000d\036\345\000n\000g\000\040\000C\000\364\000n\000g\000\040\000n\000g\000h\000i\036\307\000p}{section.1.1}% 4
\BOOKMARK [2][-]{subsection.1.1.3}{\376\377\0001\000.\0001\000.\0003\000\040\001\020\036\331\000n\000g\000\040\000l\036\361\000c\000\040\000n\000g\000h\000i\000\352\000n\000\040\000c\036\351\000u}{section.1.1}% 5
\BOOKMARK [1][-]{section.1.2}{\376\377\0001\000.\0002\000\040\000I\000n\000t\000e\000r\000n\000s\000h\000i\000p\000\040\000E\000n\000v\000i\000r\000o\000n\000m\000e\000n\000t}{chapter.1}% 6
\BOOKMARK [1][-]{section.1.3}{\376\377\0001\000.\0003\000\040\000P\000r\000o\000b\000l\000e\000m\000\040\000S\000t\000a\000t\000e\000m\000e\000n\000t}{chapter.1}% 7
\BOOKMARK [1][-]{section.1.4}{\376\377\0001\000.\0004\000\040\000P\000h\000\341\000t\000\040\000b\000i\036\303\000u\000\040\000v\036\245\000n\000\040\001\021\036\301\000\040\000n\000g\000h\000i\000\352\000n\000\040\000c\036\351\000u\000\040\000\050\000P\000r\000o\000b\000l\000e\000m\000\040\000S\000t\000a\000t\000e\000m\000e\000n\000t\000\051}{chapter.1}% 8
\BOOKMARK [2][-]{subsection.1.4.1}{\376\377\0001\000.\0004\000.\0001\000\040\000C\000\341\000c\000\040\000c\000\342\000u\000\040\000h\036\317\000i\000\040\000n\000g\000h\000i\000\352\000n\000\040\000c\036\351\000u\000\040\000\050\000R\000e\000s\000e\000a\000r\000c\000h\000\040\000Q\000u\000e\000s\000t\000i\000o\000n\000s\000\051}{section.1.4}% 9
\BOOKMARK [2][-]{subsection.1.4.2}{\376\377\0001\000.\0004\000.\0002\000\040\000G\000i\036\243\000\040\000t\000h\000u\000y\036\277\000t\000\040\000n\000g\000h\000i\000\352\000n\000\040\000c\036\351\000u\000\040\000\050\000R\000e\000s\000e\000a\000r\000c\000h\000\040\000H\000y\000p\000o\000t\000h\000e\000s\000e\000s\000\051}{section.1.4}% 10
\BOOKMARK [1][-]{section.1.5}{\376\377\0001\000.\0005\000\040\000O\000b\000j\000e\000c\000t\000i\000v\000e\000s\000\040\000\046\000\040\000C\000o\000n\000t\000r\000i\000b\000u\000t\000i\000o\000n\000s}{chapter.1}% 11
\BOOKMARK [2][-]{subsection.1.5.1}{\376\377\0001\000.\0005\000.\0001\000\040\000O\000b\000j\000e\000c\000t\000i\000v\000e\000s}{section.1.5}% 12
\BOOKMARK [1][-]{section.1.6}{\376\377\0001\000.\0006\000\040\000O\000b\000j\000e\000c\000t\000i\000v\000e\000s\000\040\000\046\000\040\000C\000o\000n\000t\000r\000i\000b\000u\000t\000i\000o\000n\000s}{chapter.1}% 13
\BOOKMARK [2][-]{subsection.1.6.1}{\376\377\0001\000.\0006\000.\0001\000\040\001\020\000\363\000n\000g\000\040\000g\000\363\000p\000\040\000v\036\301\000\040\000m\036\267\000t\000\040\000t\000h\036\361\000c\000\040\000n\000g\000h\000i\036\307\000m}{section.1.6}% 14
\BOOKMARK [2][-]{subsection.1.6.2}{\376\377\0001\000.\0006\000.\0002\000\040\001\020\000\363\000n\000g\000\040\000g\000\363\000p\000\040\000v\036\301\000\040\000m\036\267\000t\000\040\036\351\000n\000g\000\040\000d\036\345\000n\000g}{section.1.6}% 15
\BOOKMARK [1][-]{section.1.7}{\376\377\0001\000.\0007\000\040\000R\000e\000p\000o\000r\000t\000\040\000S\000t\000r\000u\000c\000t\000u\000r\000e}{chapter.1}% 16
\BOOKMARK [0][-]{chapter.2}{\376\377\0002\000\040\000C\001\241\000\040\000s\036\337\000\040\000l\000\375\000\040\000t\000h\000u\000y\036\277\000t}{}% 17
\BOOKMARK [1][-]{section.2.1}{\376\377\0002\000.\0001\000\040\000K\000i\036\277\000n\000\040\000t\000r\000\372\000c\000\040\000T\000r\000a\000n\000s\000f\000o\000r\000m\000e\000r\000\040\000v\000\340\000\040\000C\001\241\000\040\000c\000h\036\277\000\040\000S\000e\000l\000f\000-\000A\000t\000t\000e\000n\000t\000i\000o\000n}{chapter.2}% 18
\BOOKMARK [1][-]{section.2.2}{\376\377\0002\000.\0002\000\040\000Q\000u\000\341\000\040\000t\000r\000\354\000n\000h\000\040\000H\000u\036\245\000n\000\040\000l\000u\000y\036\307\000n\000\040\000L\000L\000M\000\040\000v\000\340\000\040\000N\000h\036\357\000n\000g\000\040\000H\036\241\000n\000\040\000c\000h\036\277\000\040\000C\036\321\000\040\000h\036\357\000u}{chapter.2}% 19
\BOOKMARK [1][-]{section.2.3}{\376\377\0002\000.\0003\000\040\000R\000e\000t\000r\000i\000e\000v\000a\000l\000-\000A\000u\000g\000m\000e\000n\000t\000e\000d\000\040\000G\000e\000n\000e\000r\000a\000t\000i\000o\000n\000\040\000\050\000R\000A\000G\000\051}{chapter.2}% 20
\BOOKMARK [2][-]{subsection.2.3.1}{\376\377\0002\000.\0003\000.\0001\000\040\000D\000e\000n\000s\000e\000\040\000R\000e\000t\000r\000i\000e\000v\000a\000l\000\040\000v\036\333\000i\000\040\000B\000i\000-\000E\000n\000c\000o\000d\000e\000r}{section.2.3}% 21
\BOOKMARK [2][-]{subsection.2.3.2}{\376\377\0002\000.\0003\000.\0002\000\040\000S\000p\000a\000r\000s\000e\000\040\000R\000e\000t\000r\000i\000e\000v\000a\000l\000\040\000v\036\333\000i\000\040\000B\000M\0002\0005}{section.2.3}% 22
\BOOKMARK [2][-]{subsection.2.3.3}{\376\377\0002\000.\0003\000.\0003\000\040\000H\000y\000b\000r\000i\000d\000\040\000S\000e\000a\000r\000c\000h\000:\000\040\000K\036\277\000t\000\040\000h\036\343\000p\000\040\000D\000e\000n\000s\000e\000\040\000v\000\340\000\040\000S\000p\000a\000r\000s\000e}{section.2.3}% 23
\BOOKMARK [2][-]{subsection.2.3.4}{\376\377\0002\000.\0003\000.\0004\000\040\000C\000r\000o\000s\000s\000-\000E\000n\000c\000o\000d\000e\000r\000\040\000R\000e\000r\000a\000n\000k\000i\000n\000g}{section.2.3}% 24
\BOOKMARK [2][-]{subsection.2.3.5}{\376\377\0002\000.\0003\000.\0005\000\040\000T\000h\000\341\000c\000h\000\040\000t\000h\036\351\000c\000\040\000v\036\333\000i\000\040\000D\036\357\000\040\000l\000i\036\307\000u\000\040\001\020\000a\000\040\000p\000h\001\260\001\241\000n\000g\000\040\000t\000h\036\351\000c}{section.2.3}% 25
\BOOKMARK [1][-]{section.2.4}{\376\377\0002\000.\0004\000\040\000P\000a\000r\000a\000m\000e\000t\000e\000r\000-\000E\000f\000f\000i\000c\000i\000e\000n\000t\000\040\000F\000i\000n\000e\000-\000T\000u\000n\000i\000n\000g\000\040\000\050\000P\000E\000F\000T\000\051}{chapter.2}% 26
\BOOKMARK [2][-]{subsection.2.4.1}{\376\377\0002\000.\0004\000.\0001\000\040\000S\000u\000p\000e\000r\000v\000i\000s\000e\000d\000\040\000F\000i\000n\000e\000-\000T\000u\000n\000i\000n\000g\000\040\000\050\000S\000F\000T\000\051}{section.2.4}% 27
\BOOKMARK [2][-]{subsection.2.4.2}{\376\377\0002\000.\0004\000.\0002\000\040\000L\000o\000w\000-\000R\000a\000n\000k\000\040\000A\000d\000a\000p\000t\000a\000t\000i\000o\000n\000\040\000\050\000L\000o\000R\000A\000\051}{section.2.4}% 28
\BOOKMARK [2][-]{subsection.2.4.3}{\376\377\0002\000.\0004\000.\0003\000\040\000Q\000u\000a\000n\000t\000i\000z\000a\000t\000i\000o\000n\000\040\000v\000\340\000\040\000Q\000L\000o\000R\000A}{section.2.4}% 29
\BOOKMARK [2][-]{subsection.2.4.4}{\376\377\0002\000.\0004\000.\0004\000\040\000K\000n\000o\000w\000l\000e\000d\000g\000e\000\040\000D\000i\000s\000t\000i\000l\000l\000a\000t\000i\000o\000n\000\040\000v\000\340\000\040\000S\000y\000n\000t\000h\000e\000t\000i\000c\000\040\000D\000a\000t\000a\000\040\000G\000e\000n\000e\000r\000a\000t\000i\000o\000n}{section.2.4}% 30
\BOOKMARK [1][-]{section.2.5}{\376\377\0002\000.\0005\000\040\000P\000h\001\260\001\241\000n\000g\000\040\000p\000h\000\341\000p\000\040\001\020\000\341\000n\000h\000\040\000g\000i\000\341}{chapter.2}% 31
\BOOKMARK [2][-]{subsection.2.5.1}{\376\377\0002\000.\0005\000.\0001\000\040\000R\000A\000G\000A\000S\000\040\000F\000r\000a\000m\000e\000w\000o\000r\000k}{section.2.5}% 32
\BOOKMARK [2][-]{subsection.2.5.2}{\376\377\0002\000.\0005\000.\0002\000\040\000P\000e\000r\000p\000l\000e\000x\000i\000t\000y\000\040\000v\000\340\000\040\000L\000L\000M\000-\000a\000s\000-\000a\000-\000J\000u\000d\000g\000e}{section.2.5}% 33
\BOOKMARK [1][-]{section.2.6}{\376\377\0002\000.\0006\000\040\000T\036\325\000n\000g\000\040\000k\036\277\000t\000\040\000C\000h\001\260\001\241\000n\000g}{chapter.2}% 34
\BOOKMARK [0][-]{chapter.3}{\376\377\0003\000\040\000M\000u\000l\000t\000i\000m\000o\000d\000a\000l\000\040\000R\000A\000G\000\040\000f\000o\000r\000\040\000C\000o\000m\000p\000l\000e\000x\000\040\000D\000o\000c\000u\000m\000e\000n\000t\000\040\000U\000n\000d\000e\000r\000s\000t\000a\000n\000d\000i\000n\000g}{}% 35
\BOOKMARK [1][-]{section.3.1}{\376\377\0003\000.\0001\000\040\000B\000\340\000i\000\040\000t\000o\000\341\000n\000\040\000T\000h\036\361\000c\000\040\000t\036\277\000:\000\040\000H\000a\000i\000\040\000U\000s\000e\000-\000c\000a\000s\000e\000\040\000t\036\353\000\040\000D\000o\000a\000n\000h\000\040\000n\000g\000h\000i\036\307\000p}{chapter.3}% 36
\BOOKMARK [2][-]{subsection.3.1.1}{\376\377\0003\000.\0001\000.\0001\000\040\000T\000\340\000i\000\040\000c\000h\000\355\000n\000h\000:\000\040\000H\036\307\000\040\000t\000h\036\321\000n\000g\000\040\000H\036\317\000i\000\040\001\021\000\341\000p\000\040\000B\000\341\000o\000\040\000c\000\341\000o\000\040\000S\000F\000C\000R\000\040\000\050\000G\000P\000M\000\051}{section.3.1}% 37
\BOOKMARK [2][-]{subsection.3.1.2}{\376\377\0003\000.\0001\000.\0002\000\040\000Y\000\040\000t\036\277\000:\000\040\000T\000r\000a\000\040\000c\036\351\000u\000\040\000M\000\343\000\040\000h\000\363\000a\000\040\000D\000a\000n\000h\000\040\000m\036\345\000c\000\040\000C\000C\000A\000M\000\040\000\050\000D\000r\000.\000\040\000B\000e\000s\000n\000i\000e\000r\000\051}{section.3.1}% 38
\BOOKMARK [2][-]{subsection.3.1.3}{\376\377\0003\000.\0001\000.\0003\000\040\000R\000\340\000o\000\040\000c\036\243\000n\000\040\000K\036\371\000\040\000t\000h\000u\036\255\000t\000\040\000v\000\340\000\040\000S\036\361\000\040\000c\036\247\000n\000\040\000t\000h\000i\036\277\000t\000\040\000c\036\347\000a\000\040\000P\000i\000p\000e\000l\000i\000n\000e\000\040\000N\036\331\000i\000\040\000b\036\331}{section.3.1}% 39
\BOOKMARK [2][-]{subsection.3.1.4}{\376\377\0003\000.\0001\000.\0004\000\040\000M\036\345\000c\000\040\000t\000i\000\352\000u\000:\000\040\000M\036\331\000t\000\040\000P\000i\000p\000e\000l\000i\000n\000e\000\040\000C\000h\000u\000n\000g\000\040\000c\000h\000o\000\040\000M\036\315\000i\000\040\000T\000\340\000i\000\040\000l\000i\036\307\000u}{section.3.1}% 40
\BOOKMARK [1][-]{section.3.2}{\376\377\0003\000.\0002\000\040\000T\036\241\000i\000\040\000s\000a\000o\000\040\000S\000i\000m\000p\000l\000e\000\040\000R\000A\000G\000\040\000T\000h\036\245\000t\000\040\000b\036\241\000i\000?\000\040\000P\000h\000\342\000n\000\040\000t\000\355\000c\000h\000\040\000T\000h\036\361\000c\000\040\000n\000g\000h\000i\036\307\000m}{chapter.3}% 41
\BOOKMARK [2][-]{subsection.3.2.1}{\376\377\0003\000.\0002\000.\0001\000\040\000C\036\245\000u\000\040\000h\000\354\000n\000h\000\040\000S\000i\000m\000p\000l\000e\000\040\000R\000A\000G\000\040\000B\000a\000s\000e\000l\000i\000n\000e}{section.3.2}% 42
\BOOKMARK [2][-]{subsection.3.2.2}{\376\377\0003\000.\0002\000.\0002\000\040\000V\036\245\000n\000\040\001\021\036\301\000\040\0001\000:\000\040\000M\036\245\000t\000\040\000C\036\245\000u\000\040\000t\000r\000\372\000c\000\040\000B\036\243\000n\000g\000\040\000b\000i\036\303\000u}{section.3.2}% 43
\BOOKMARK [2][-]{subsection.3.2.3}{\376\377\0003\000.\0002\000.\0003\000\040\000V\036\245\000n\000\040\001\021\036\301\000\040\0003\000:\000\040\000T\000h\036\245\000t\000\040\000b\036\241\000i\000\040\000v\036\333\000i\000\040\000E\000x\000a\000c\000t\000\040\000C\000o\000d\000e\000\040\000M\000a\000t\000c\000h\000i\000n\000g}{section.3.2}% 44
\BOOKMARK [2][-]{subsection.3.2.4}{\376\377\0003\000.\0002\000.\0004\000\040\000N\000h\036\357\000n\000g\000\040\000v\036\245\000n\000\040\001\021\036\301\000\040\000k\000h\000\341\000c}{section.3.2}% 45
\BOOKMARK [2][-]{subsection.3.2.5}{\376\377\0003\000.\0002\000.\0005\000\040\000K\036\277\000t\000\040\000q\000u\036\243\000\040\001\020\036\313\000n\000h\000\040\000l\001\260\036\343\000n\000g\000:\000\040\000S\000i\000m\000p\000l\000e\000\040\000R\000A\000G\000\040\000v\000s\000.\000\040\000G\000r\000o\000u\000n\000d\000\040\000T\000r\000u\000t\000h}{section.3.2}% 46
\BOOKMARK [1][-]{section.3.3}{\376\377\0003\000.\0003\000\040\000K\000i\036\277\000n\000\040\000t\000r\000\372\000c\000\040\000A\000d\000v\000a\000n\000c\000e\000d\000\040\000R\000A\000G\000\040\000P\000i\000p\000e\000l\000i\000n\000e}{chapter.3}% 47
\BOOKMARK [2][-]{subsection.3.3.1}{\376\377\0003\000.\0003\000.\0001\000\040\000I\000n\000d\000e\000x\000i\000n\000g\000\040\000P\000h\000a\000s\000e\000:\000\040\000T\000\341\000i\000\040\000c\036\245\000u\000\040\000t\000r\000\372\000c\000\040\000T\000r\000i\000\040\000t\000h\036\351\000c}{section.3.3}% 48
\BOOKMARK [2][-]{subsection.3.3.2}{\376\377\0003\000.\0003\000.\0002\000\040\000Q\000u\000e\000r\000y\000\040\000P\000h\000a\000s\000e\000:\000\040\000C\001\241\000\040\000c\000h\036\277\000\040\000T\000r\000u\000y\000\040\000v\036\245\000n\000\040\000v\000\340\000\040\000T\036\325\000n\000g\000\040\000h\036\343\000p\000\040\000T\000r\000i\000\040\000t\000h\036\351\000c\000\040\001\020\000a\000\040\000p\000h\001\260\001\241\000n\000g\000\040\000t\000h\036\351\000c}{section.3.3}% 49
\BOOKMARK [1][-]{section.3.4}{\376\377\0003\000.\0004\000\040\001\020\000\341\000n\000h\000\040\000g\000i\000\341\000\040\000T\000h\036\361\000c\000\040\000n\000g\000h\000i\036\307\000m}{chapter.3}% 50
\BOOKMARK [2][-]{subsection.3.4.1}{\376\377\0003\000.\0004\000.\0001\000\040\000T\000h\000i\036\277\000t\000\040\000l\036\255\000p\000\040\000T\000h\036\361\000c\000\040\000n\000g\000h\000i\036\307\000m}{section.3.4}% 51
\BOOKMARK [2][-]{subsection.3.4.2}{\376\377\0003\000.\0004\000.\0002\000\040\000K\036\277\000t\000\040\000q\000u\036\243\000\040\000S\000o\000\040\000s\000\341\000n\000h\000:\000\040\000S\000i\000m\000p\000l\000e\000\040\000R\000A\000G\000\040\000v\000s\000.\000\040\000A\000d\000v\000a\000n\000c\000e\000d\000\040\000R\000A\000G}{section.3.4}% 52
\BOOKMARK [1][-]{section.3.5}{\376\377\0003\000.\0005\000\040\000A\000b\000l\000a\000t\000i\000o\000n\000\040\000S\000t\000u\000d\000y\000:\000\040\001\020\000\363\000n\000g\000\040\000g\000\363\000p\000\040\000c\036\347\000a\000\040\000T\036\353\000n\000g\000\040\000T\000h\000\340\000n\000h\000\040\000p\000h\036\247\000n}{chapter.3}% 53
\BOOKMARK [2][-]{subsection.3.5.1}{\376\377\0003\000.\0005\000.\0001\000\040\000P\000h\000\342\000n\000\040\000t\000\355\000c\000h\000\040\000C\000h\000i\000\040\000t\000i\036\277\000t\000\040\000t\036\353\000n\000g\000\040\000C\000o\000m\000p\000o\000n\000e\000n\000t}{section.3.5}% 54
\BOOKMARK [1][-]{section.3.6}{\376\377\0003\000.\0006\000\040\000T\000h\036\243\000o\000\040\000l\000u\036\255\000n\000\040\000v\000\340\000\040\000H\036\241\000n\000\040\000c\000h\036\277}{chapter.3}% 55
\BOOKMARK [2][-]{subsection.3.6.1}{\376\377\0003\000.\0006\000.\0001\000\040\001\257\000u\000\040\001\021\000i\036\303\000m\000\040\000v\000\340\000\040\001\020\000\363\000n\000g\000\040\000g\000\363\000p}{section.3.6}% 56
\BOOKMARK [2][-]{subsection.3.6.2}{\376\377\0003\000.\0006\000.\0002\000\040\000H\036\241\000n\000\040\000c\000h\036\277\000\040\000t\036\323\000n\000\040\000t\036\241\000i}{section.3.6}% 57
\BOOKMARK [2][-]{subsection.3.6.3}{\376\377\0003\000.\0006\000.\0003\000\040\000H\001\260\036\333\000n\000g\000\040\000P\000h\000\341\000t\000\040\000t\000r\000i\036\303\000n}{section.3.6}% 58
\BOOKMARK [1][-]{section.3.7}{\376\377\0003\000.\0007\000\040\000K\036\277\000t\000\040\000l\000u\036\255\000n\000\040\000C\000h\001\260\001\241\000n\000g}{chapter.3}% 59
\BOOKMARK [0][-]{chapter.4}{\376\377\0004\000\040\000F\000i\000n\000e\000-\000t\000u\000n\000i\000n\000g\000\040\000M\000\364\000\040\000h\000\354\000n\000h\000\040\000N\000g\000\364\000n\000\040\000n\000g\036\357\000\040\000N\000h\036\317\000\040\000c\000h\000o\000\040\000T\000\341\000c\000\040\000v\036\345\000\040\001\020\036\267\000c\000\040\000t\000h\000\371\000:\000\040\000T\000r\001\260\036\335\000n\000g\000\040\000h\036\343\000p\000\040\000T\000a\000r\000o\000t\000\040\000R\000e\000a\000d\000e\000r}{}% 60
\BOOKMARK [1][-]{section.4.1}{\376\377\0004\000.\0001\000\040\000P\000h\000\342\000n\000\040\000t\000\355\000c\000h\000\040\000B\000\340\000i\000\040\000t\000o\000\341\000n\000:\000\040\000T\036\241\000i\000\040\000s\000a\000o\000\040\000P\000r\000o\000m\000p\000t\000\040\000E\000n\000g\000i\000n\000e\000e\000r\000i\000n\000g\000\040\000l\000\340\000\040\000c\000h\001\260\000a\000\040\001\021\036\347\000?}{chapter.4}% 61
\BOOKMARK [2][-]{subsection.4.1.1}{\376\377\0004\000.\0001\000.\0001\000\040\000G\000i\036\333\000i\000\040\000h\036\241\000n\000\040\000c\036\347\000a\000\040\000I\000n\000-\000C\000o\000n\000t\000e\000x\000t\000\040\000L\000e\000a\000r\000n\000i\000n\000g\000\040\001\021\036\321\000i\000\040\000v\036\333\000i\000\040\000T\000\341\000c\000\040\000v\036\345\000\040\000H\000\340\000n\000h\000\040\000v\000i}{section.4.1}% 62
\BOOKMARK [2][-]{subsection.4.1.2}{\376\377\0004\000.\0001\000.\0002\000\040\001\020\036\267\000c\000\040\000t\000h\000\371\000\040\000c\036\347\000a\000\040\000T\000\341\000c\000\040\000v\036\345\000\040\000T\000a\000r\000o\000t\000\040\000R\000e\000a\000d\000e\000r}{section.4.1}% 63
\BOOKMARK [2][-]{subsection.4.1.3}{\376\377\0004\000.\0001\000.\0003\000\040\000C\000\342\000u\000\040\000h\036\317\000i\000\040\000N\000g\000h\000i\000\352\000n\000\040\000c\036\351\000u}{section.4.1}% 64
\BOOKMARK [1][-]{section.4.2}{\376\377\0004\000.\0002\000\040\000P\000h\001\260\001\241\000n\000g\000\040\000p\000h\000\341\000p\000:\000\040\000D\000a\000t\000a\000-\000C\000e\000n\000t\000r\000i\000c\000\040\000F\000i\000n\000e\000-\000t\000u\000n\000i\000n\000g\000\040\000P\000i\000p\000e\000l\000i\000n\000e}{chapter.4}% 65
\BOOKMARK [2][-]{subsection.4.2.1}{\376\377\0004\000.\0002\000.\0001\000\040\000S\000i\000n\000h\000\040\000D\036\357\000\040\000l\000i\036\307\000u\000\040\000T\036\325\000n\000g\000\040\000h\036\343\000p\000:\000\040\000D\000i\000s\000t\000i\000l\000l\000a\000t\000i\000o\000n\000\040\036\337\000\040\000T\036\247\000n\000g\000\040\000H\000\340\000n\000h\000\040\000v\000i}{section.4.2}% 66
\BOOKMARK [2][-]{subsection.4.2.2}{\376\377\0004\000.\0002\000.\0002\000\040\000L\036\361\000a\000\040\000c\000h\036\315\000n\000\040\000v\000\340\000\040\000H\000u\036\245\000n\000\040\000l\000u\000y\036\307\000n\000\040\000M\000\364\000\040\000h\000\354\000n\000h}{section.4.2}% 67
\BOOKMARK [2][-]{subsection.4.2.3}{\376\377\0004\000.\0002\000.\0003\000\040\001\020\000\341\000n\000h\000\040\000g\000i\000\341\000:\000\040\000K\036\277\000t\000\040\000h\036\343\000p\000\040\000L\000L\000M\000\040\000J\000u\000d\000g\000e\000\040\000v\000\340\000\040\000H\000u\000m\000a\000n\000\040\000E\000v\000a\000l\000u\000a\000t\000i\000o\000n}{section.4.2}% 68
\BOOKMARK [1][-]{section.4.3}{\376\377\0004\000.\0003\000\040\000K\036\277\000t\000\040\000q\000u\036\243\000\040\000T\000h\036\361\000c\000\040\000n\000g\000h\000i\036\307\000m}{chapter.4}% 69
\BOOKMARK [2][-]{subsection.4.3.1}{\376\377\0004\000.\0003\000.\0001\000\040\000Q\000u\000\341\000\040\000t\000r\000\354\000n\000h\000\040\000T\000r\000a\000i\000n\000i\000n\000g}{section.4.3}% 70
\BOOKMARK [2][-]{subsection.4.3.2}{\376\377\0004\000.\0003\000.\0002\000\040\000K\036\277\000t\000\040\000q\000u\036\243\000\040\000L\000L\000M\000-\000a\000s\000-\000a\000-\000J\000u\000d\000g\000e}{section.4.3}% 71
\BOOKMARK [2][-]{subsection.4.3.3}{\376\377\0004\000.\0003\000.\0003\000\040\000K\036\277\000t\000\040\000q\000u\036\243\000\040\000H\000u\000m\000a\000n\000\040\000E\000v\000a\000l\000u\000a\000t\000i\000o\000n}{section.4.3}% 72
\BOOKMARK [2][-]{subsection.4.3.4}{\376\377\0004\000.\0003\000.\0004\000\040\000P\000h\000\342\000n\000\040\000t\000\355\000c\000h\000\040\001\020\036\313\000n\000h\000\040\000t\000\355\000n\000h}{section.4.3}% 73
\BOOKMARK [1][-]{section.4.4}{\376\377\0004\000.\0004\000\040\000D\000e\000m\000o\000\040\000A\000p\000p\000l\000i\000c\000a\000t\000i\000o\000n}{chapter.4}% 74
\BOOKMARK [1][-]{section.4.5}{\376\377\0004\000.\0005\000\040\000T\000h\036\243\000o\000\040\000l\000u\036\255\000n\000\040\000v\000\340\000\040\000K\036\277\000t\000\040\000l\000u\036\255\000n}{chapter.4}% 75
\BOOKMARK [2][-]{subsection.4.5.1}{\376\377\0004\000.\0005\000.\0001\000\040\000T\000r\036\243\000\040\000l\036\335\000i\000\040\000C\000\342\000u\000\040\000h\036\317\000i\000\040\000N\000g\000h\000i\000\352\000n\000\040\000c\036\351\000u}{section.4.5}% 76
\BOOKMARK [2][-]{subsection.4.5.2}{\376\377\0004\000.\0005\000.\0002\000\040\001\020\000\363\000n\000g\000\040\000g\000\363\000p\000\040\000v\000\340\000\040\000S\000o\000\040\000s\000\341\000n\000h\000\040\000v\036\333\000i\000\040\000N\000g\000h\000i\000\352\000n\000\040\000c\036\351\000u\000\040\000L\000i\000\352\000n\000\040\000q\000u\000a\000n}{section.4.5}% 77
\BOOKMARK [2][-]{subsection.4.5.3}{\376\377\0004\000.\0005\000.\0003\000\040\000H\036\241\000n\000\040\000c\000h\036\277\000\040\000v\000\340\000\040\000H\001\260\036\333\000n\000g\000\040\000P\000h\000\341\000t\000\040\000t\000r\000i\036\303\000n}{section.4.5}% 78
\BOOKMARK [2][-]{subsection.4.5.4}{\376\377\0004\000.\0005\000.\0004\000\040\000K\036\277\000t\000\040\000l\000u\036\255\000n}{section.4.5}% 79
\BOOKMARK [1][-]{section.Alph0.1}{\376\377\000.\0001\000\040\000C\000h\000i\000\040\000t\000i\036\277\000t\000\040\000D\036\357\000\040\000l\000i\036\307\000u\000\040\000v\000\340\000\040\000S\000y\000s\000t\000e\000m\000\040\000P\000r\000o\000m\000p\000t}{chapter.4}% 80
\BOOKMARK [2][-]{subsection.Alph0.1.1}{\376\377\000.\0001\000.\0001\000\040\000F\000o\000r\000m\000a\000t\000\040\000D\036\357\000\040\000l\000i\036\307\000u\000\040\000H\036\331\000i\000\040\000t\000h\000o\036\241\000i}{section.Alph0.1}% 81
\BOOKMARK [2][-]{subsection.Alph0.1.2}{\376\377\000.\0001\000.\0002\000\040\000S\000y\000s\000t\000e\000m\000\040\000P\000r\000o\000m\000p\000t\000\040\000c\000h\000o\000\040\000T\000e\000a\000c\000h\000e\000r\000\040\000M\000o\000d\000e\000l}{section.Alph0.1}% 82
\BOOKMARK [2][-]{subsection.Alph0.1.3}{\376\377\000.\0001\000.\0003\000\040\000V\000\355\000\040\000d\036\345\000\040\000H\036\331\000i\000\040\000t\000h\000o\036\241\000i\000\040\000M\036\253\000u}{section.Alph0.1}% 83
\BOOKMARK [1][-]{section.Alph0.2}{\376\377\000.\0002\000\040\000C\000h\000i\000\040\000t\000i\036\277\000t\000\040\000C\036\245\000u\000\040\000h\000\354\000n\000h\000\040\000T\000r\000a\000i\000n\000i\000n\000g}{chapter.4}% 84
\BOOKMARK [2][-]{subsection.Alph0.2.1}{\376\377\000.\0002\000.\0001\000\040\000C\036\245\000u\000\040\000h\000\354\000n\000h\000\040\000L\000o\000R\000A}{section.Alph0.2}% 85
\BOOKMARK [2][-]{subsection.Alph0.2.2}{\376\377\000.\0002\000.\0002\000\040\000C\036\245\000u\000\040\000h\000\354\000n\000h\000\040\000T\000r\000a\000i\000n\000i\000n\000g\000\040\000A\000r\000g\000u\000m\000e\000n\000t\000s}{section.Alph0.2}% 86
\BOOKMARK [1][-]{section.Alph0.3}{\376\377\000.\0003\000\040\000C\000h\000i\000\040\000t\000i\036\277\000t\000\040\000E\000v\000a\000l\000u\000a\000t\000i\000o\000n\000\040\000R\000u\000b\000r\000i\000c\000s}{chapter.4}% 87
\BOOKMARK [2][-]{subsection.Alph0.3.1}{\376\377\000.\0003\000.\0001\000\040\000T\000i\000\352\000u\000\040\000c\000h\000\355\000\040\000L\000L\000M\000-\000a\000s\000-\000a\000-\000J\000u\000d\000g\000e}{section.Alph0.3}% 88
\BOOKMARK [2][-]{subsection.Alph0.3.2}{\376\377\000.\0003\000.\0002\000\040\000S\000o\000\040\000s\000\341\000n\000h\000\040\000B\000a\000s\000e\000\040\000M\000o\000d\000e\000l\000s}{section.Alph0.3}% 89
